0 info it worked if it ends with ok
1 verbose cli [ '/usr/local/bin/node', '/usr/local/bin/npm', 'run', 'dev' ]
2 info using npm@3.8.3
3 info using node@v5.10.1
4 verbose run-script [ 'predev', 'dev', 'postdev' ]
5 info lifecycle demo1@1.0.0~predev: demo1@1.0.0
6 silly lifecycle demo1@1.0.0~predev: no script for predev, continuing
7 info lifecycle demo1@1.0.0~dev: demo1@1.0.0
8 verbose lifecycle demo1@1.0.0~dev: unsafe-perm in lifecycle true
9 verbose lifecycle demo1@1.0.0~dev: PATH: /usr/local/lib/node_modules/npm/bin/node-gyp-bin:/Users/hsin/Documents/coding/amex/demo1/node_modules/.bin:/usr/local/bin:/Users/hsin/.rvm/gems/ruby-2.1.5/bin:/Users/hsin/.rvm/gems/ruby-2.1.5@global/bin:/Users/hsin/.rvm/rubies/ruby-2.1.5/bin:/Users/hsin/.npm-global/bin:/usr/local/bin:/usr/bin:/bin:/usr/sbin:/sbin:~/arcanist/arcanist/bin/:/Users/hsin/.rvm/bin
10 verbose lifecycle demo1@1.0.0~dev: CWD: /Users/hsin/Documents/coding/amex/demo1
11 silly lifecycle demo1@1.0.0~dev: Args: [ '-c',
11 silly lifecycle   'webpac-dev-server --devtool eval --progress --color --hot --content-base build' ]
12 info lifecycle demo1@1.0.0~dev: Failed to exec dev script
13 verbose stack Error: demo1@1.0.0 dev: `webpac-dev-server --devtool eval --progress --color --hot --content-base build`
13 verbose stack spawn ENOENT
13 verbose stack     at ChildProcess.<anonymous> (/usr/local/lib/node_modules/npm/lib/utils/spawn.js:17:16)
13 verbose stack     at emitTwo (events.js:100:13)
13 verbose stack     at ChildProcess.emit (events.js:185:7)
13 verbose stack     at maybeClose (internal/child_process.js:850:16)
13 verbose stack     at Process.ChildProcess._handle.onexit (internal/child_process.js:215:5)
14 verbose pkgid demo1@1.0.0
15 verbose cwd /Users/hsin/Documents/coding/amex/demo1
16 error Darwin 15.6.0
17 error argv "/usr/local/bin/node" "/usr/local/bin/npm" "run" "dev"
18 error node v5.10.1
19 error npm  v3.8.3
20 error file sh
21 error code ELIFECYCLE
22 error errno ENOENT
23 error syscall spawn
24 error demo1@1.0.0 dev: `webpac-dev-server --devtool eval --progress --color --hot --content-base build`
24 error spawn ENOENT
25 error Failed at the demo1@1.0.0 dev script 'webpac-dev-server --devtool eval --progress --color --hot --content-base build'.
25 error Make sure you have the latest version of node.js and npm installed.
25 error If you do, this is most likely a problem with the demo1 package,
25 error not with npm itself.
25 error Tell the author that this fails on your system:
25 error     webpac-dev-server --devtool eval --progress --color --hot --content-base build
25 error You can get information on how to open an issue for this project with:
25 error     npm bugs demo1
25 error Or if that isn't available, you can get their info via:
25 error     npm owner ls demo1
25 error There is likely additional logging output above.
26 verbose exit [ 1, true ]
